#-----------------------------------------------------------
# Webtalk v2015.4 (64-bit)
# SW Build 1412921 on Wed Nov 18 09:43:45 MST 2015
# 
# Start of session at: Thu Jul 06 16:49:57 2017
# Process ID: 10244
# Current directory: C:/X_demo/X_Ubuntu/X_Ubuntu/X_Ubuntu.sdk/webtalk
# Command line: wbtcv.exe -mode batch -source sdk_webtalk.tcl
# Log file: C:/X_demo/X_Ubuntu/X_Ubuntu/X_Ubuntu.sdk/webtalk/webtalk.log
# Journal file: C:/X_demo/X_Ubuntu/X_Ubuntu/X_Ubuntu.sdk/webtalk\webtalk.jou
#-----------------------------------------------------------
source sdk_webtalk.tcl
# webtalk_init -webtalk_dir C:\\X_demo\\X_Ubuntu\\X_Ubuntu\\X_Ubuntu.sdk\\webtalk
# webtalk_register_client -client project
# webtalk_add_data -client project -key date_generated -value "Thu Jul 6 16:49:52 2017" -context "software_version_and_target_device"
# webtalk_add_data -client project -key product_version -value "SDK v2015.4" -context "software_version_and_target_device"
# webtalk_add_data -client project -key build_version -value "2015.4" -context "software_version_and_target_device"
# webtalk_add_data -client project -key os_platform -value "amd64" -context "software_version_and_target_device"
# webtalk_add_data -client project -key registration_id -value "" -context "software_version_and_target_device"
# webtalk_add_data -client project -key tool_flow -value "SDK" -context "software_version_and_target_device"
# webtalk_add_data -client project -key beta -value "false" -context "software_version_and_target_device"
# webtalk_add_data -client project -key route_design -value "NA" -context "software_version_and_target_device"
# webtalk_add_data -client project -key target_family -value "NA" -context "software_version_and_target_device"
# webtalk_add_data -client project -key target_device -value "NA" -context "software_version_and_target_device"
# webtalk_add_data -client project -key target_package -value "NA" -context "software_version_and_target_device"
# webtalk_add_data -client project -key target_speed -value "NA" -context "software_version_and_target_device"
# webtalk_add_data -client project -key random_id -value "m5ft6b5ur9l5ouvppsh5u0kl8c" -context "software_version_and_target_device"
# webtalk_add_data -client project -key project_id -value "2015.4_66" -context "software_version_and_target_device"
# webtalk_add_data -client project -key project_iteration -value "66" -context "software_version_and_target_device"
# webtalk_add_data -client project -key os_name -value "" -context "user_environment"
# webtalk_add_data -client project -key os_release -value "" -context "user_environment"
# webtalk_add_data -client project -key cpu_name -value "" -context "user_environment"
# webtalk_add_data -client project -key cpu_speed -value "" -context "user_environment"
# webtalk_add_data -client project -key total_processors -value "" -context "user_environment"
# webtalk_add_data -client project -key system_ram -value "" -context "user_environment"
# webtalk_register_client -client sdk
# webtalk_add_data -client sdk -key uid -value "1499129953645" -context "sdk\\\\bsp/1499129953645"
# webtalk_add_data -client sdk -key hwid -value "1498914529858" -context "sdk\\\\bsp/1499129953645"
# webtalk_add_data -client sdk -key os -value "standalone" -context "sdk\\\\bsp/1499129953645"
# webtalk_add_data -client sdk -key apptemplate -value "zynq_fsbl" -context "sdk\\\\bsp/1499129953645"
# webtalk_add_data -client sdk -key uid -value "1499130008991" -context "sdk\\\\application/1499130008991"
# webtalk_add_data -client sdk -key hwid -value "1498914529858" -context "sdk\\\\application/1499130008991"
# webtalk_add_data -client sdk -key bspid -value "1499129953645" -context "sdk\\\\application/1499130008991"
# webtalk_add_data -client sdk -key newbsp -value "true" -context "sdk\\\\application/1499130008991"
# webtalk_add_data -client sdk -key os -value "standalone" -context "sdk\\\\application/1499130008991"
# webtalk_add_data -client sdk -key apptemplate -value "zynq_fsbl" -context "sdk\\\\application/1499130008991"
# webtalk_add_data -client sdk -key uid -value "1499131031394" -context "sdk\\\\bsp/1499131031394"
# webtalk_add_data -client sdk -key hwid -value "1498914529858" -context "sdk\\\\bsp/1499131031394"
# webtalk_add_data -client sdk -key os -value "device_tree" -context "sdk\\\\bsp/1499131031394"
# webtalk_add_data -client sdk -key apptemplate -value "null" -context "sdk\\\\bsp/1499131031394"
# webtalk_transmit -clientid 2938979241 -regid "" -xml C:\\X_demo\\X_Ubuntu\\X_Ubuntu\\X_Ubuntu.sdk\\webtalk\\usage_statistics_ext_sdk.xml -html C:\\X_demo\\X_Ubuntu\\X_Ubuntu\\X_Ubuntu.sdk\\webtalk\\usage_statistics_ext_sdk.html -wdm C:\\X_demo\\X_Ubuntu\\X_Ubuntu\\X_Ubuntu.sdk\\webtalk\\sdk_webtalk.wdm -intro "<H3>SDK Usage Report</H3><BR>"
# webtalk_terminate
INFO: [Common 17-206] Exiting Webtalk at Thu Jul 06 16:50:19 2017...
