#-----------------------------------------------------------
# Webtalk v2015.4 (64-bit)
# SW Build 1412921 on Wed Nov 18 09:43:45 MST 2015
# 
# Start of session at: Thu May 04 16:46:53 2017
# Process ID: 11516
# Current directory: C:/X_demo/ps_pl_hdmi_out/ps_pl_hdmi/ps_pl_hdmi.sdk/webtalk
# Command line: wbtcv.exe -mode batch -source sdk_webtalk.tcl
# Log file: C:/X_demo/ps_pl_hdmi_out/ps_pl_hdmi/ps_pl_hdmi.sdk/webtalk/webtalk.log
# Journal file: C:/X_demo/ps_pl_hdmi_out/ps_pl_hdmi/ps_pl_hdmi.sdk/webtalk\webtalk.jou
#-----------------------------------------------------------
source sdk_webtalk.tcl
# webtalk_init -webtalk_dir C:\\X_demo\\ps_pl_hdmi_out\\ps_pl_hdmi\\ps_pl_hdmi.sdk\\webtalk
# webtalk_register_client -client project
# webtalk_add_data -client project -key date_generated -value "Thu May 4 16:46:51 2017" -context "software_version_and_target_device"
# webtalk_add_data -client project -key product_version -value "SDK v2015.4" -context "software_version_and_target_device"
# webtalk_add_data -client project -key build_version -value "2015.4" -context "software_version_and_target_device"
# webtalk_add_data -client project -key os_platform -value "amd64" -context "software_version_and_target_device"
# webtalk_add_data -client project -key registration_id -value "" -context "software_version_and_target_device"
# webtalk_add_data -client project -key tool_flow -value "SDK" -context "software_version_and_target_device"
# webtalk_add_data -client project -key beta -value "false" -context "software_version_and_target_device"
# webtalk_add_data -client project -key route_design -value "NA" -context "software_version_and_target_device"
# webtalk_add_data -client project -key target_family -value "NA" -context "software_version_and_target_device"
# webtalk_add_data -client project -key target_device -value "NA" -context "software_version_and_target_device"
# webtalk_add_data -client project -key target_package -value "NA" -context "software_version_and_target_device"
# webtalk_add_data -client project -key target_speed -value "NA" -context "software_version_and_target_device"
# webtalk_add_data -client project -key random_id -value "prk8qdbs1ps0pd3tk299tfm1of" -context "software_version_and_target_device"
# webtalk_add_data -client project -key project_id -value "2015.4_33" -context "software_version_and_target_device"
# webtalk_add_data -client project -key project_iteration -value "33" -context "software_version_and_target_device"
# webtalk_add_data -client project -key os_name -value "" -context "user_environment"
# webtalk_add_data -client project -key os_release -value "" -context "user_environment"
# webtalk_add_data -client project -key cpu_name -value "" -context "user_environment"
# webtalk_add_data -client project -key cpu_speed -value "" -context "user_environment"
# webtalk_add_data -client project -key total_processors -value "" -context "user_environment"
# webtalk_add_data -client project -key system_ram -value "" -context "user_environment"
# webtalk_register_client -client sdk
# webtalk_add_data -client sdk -key uid -value "1493886655098" -context "sdk\\\\hardware/1493886655098"
# webtalk_add_data -client sdk -key isZynq -value "true" -context "sdk\\\\hardware/1493886655098"
# webtalk_add_data -client sdk -key Processors -value "2" -context "sdk\\\\hardware/1493886655098"
# webtalk_add_data -client sdk -key VivadoVersion -value "2015.4" -context "sdk\\\\hardware/1493886655098"
# webtalk_add_data -client sdk -key Arch -value "zynq" -context "sdk\\\\hardware/1493886655098"
# webtalk_add_data -client sdk -key Device -value "7z010" -context "sdk\\\\hardware/1493886655098"
# webtalk_add_data -client sdk -key IsHandoff -value "true" -context "sdk\\\\hardware/1493886655098"
# webtalk_add_data -client sdk -key uid -value "1493886759002" -context "sdk\\\\bsp/1493886759002"
# webtalk_add_data -client sdk -key hwid -value "1493886655098" -context "sdk\\\\bsp/1493886759002"
# webtalk_add_data -client sdk -key os -value "standalone" -context "sdk\\\\bsp/1493886759002"
# webtalk_add_data -client sdk -key apptemplate -value "empty_application" -context "sdk\\\\bsp/1493886759002"
# webtalk_add_data -client sdk -key uid -value "1493886782154" -context "sdk\\\\application/1493886782154"
# webtalk_add_data -client sdk -key hwid -value "1493886655098" -context "sdk\\\\application/1493886782154"
# webtalk_add_data -client sdk -key bspid -value "1493886759002" -context "sdk\\\\application/1493886782154"
# webtalk_add_data -client sdk -key newbsp -value "true" -context "sdk\\\\application/1493886782154"
# webtalk_add_data -client sdk -key os -value "standalone" -context "sdk\\\\application/1493886782154"
# webtalk_add_data -client sdk -key apptemplate -value "empty_application" -context "sdk\\\\application/1493886782154"
# webtalk_transmit -clientid 1922443747 -regid "" -xml C:\\X_demo\\ps_pl_hdmi_out\\ps_pl_hdmi\\ps_pl_hdmi.sdk\\webtalk\\usage_statistics_ext_sdk.xml -html C:\\X_demo\\ps_pl_hdmi_out\\ps_pl_hdmi\\ps_pl_hdmi.sdk\\webtalk\\usage_statistics_ext_sdk.html -wdm C:\\X_demo\\ps_pl_hdmi_out\\ps_pl_hdmi\\ps_pl_hdmi.sdk\\webtalk\\sdk_webtalk.wdm -intro "<H3>SDK Usage Report</H3><BR>"
# webtalk_terminate
INFO: [Common 17-206] Exiting Webtalk at Thu May 04 16:49:58 2017...
