#
# A fatal error has been detected by the Java Runtime Environment:
#
#  Internal Error (0xc000000d), pid=46752, tid=47012
#
# JRE version: Java(TM) SE Runtime Environment (8.0_45-b15) (build 1.8.0_45-b15)
# Java VM: Java HotSpot(TM) 64-Bit Server VM (25.45-b02 mixed mode windows-amd64 compressed oops)
# Problematic frame:
# C  [ntdll.dll+0x108580]
#
# Failed to write core dump. Minidumps are not enabled by default on client versions of Windows
#
# If you would like to submit a bug report, please visit:
#   http://bugreport.java.com/bugreport/crash.jsp
#

---------------  T H R E A D  ---------------

Current thread (0x0000000014476800):  VMThread [stack: 0x0000000016bb0000,0x0000000016cb0000] [id=47012]

siginfo: ExceptionCode=0xc000000d

Registers:
RAX=0x0000000014305500, RBX=0xfffffffffffffffe, RCX=0x0000000016caeda0, RDX=0x000000006fc49494
RSP=0x0000000016caf2a0, RBP=0x00007ffffd327408, RSI=0x0000000000000000, RDI=0x000000000000019c
R8 =0x0000000002ac7ced, R9 =0x0000942e37831b1a, R10=0x00007ff832b0829f, R11=0x0000000015cdc0e0
R12=0x000000002cf859b0, R13=0x000000002caf48d0, R14=0x000000002cf85ab8, R15=0x0000000016caf418
RIP=0x00007ff832bc8580, EFLAGS=0x0000000000000206

Top of Stack: (sp=0x0000000016caf2a0)
0x0000000016caf2a0:   0000000000000057 fffffffffffffffe
0x0000000016caf2b0:   0000000000000000 000000000000019c
0x0000000016caf2c0:   00000000c000000d 0000000000000000
0x0000000016caf2d0:   00007ff832bc8580 0000000000000000
0x0000000016caf2e0:   0000000000000000 0000000000000000
0x0000000016caf2f0:   0000000000000000 0000000000000000
0x0000000016caf300:   0000000000000000 0000000000000000
0x0000000016caf310:   0000000000000000 0000000000000000
0x0000000016caf320:   0000000000000000 0000000000000000
0x0000000016caf330:   0000000000000000 0000000000000000
0x0000000016caf340:   0000000000000000 0000000000000000
0x0000000016caf350:   0000000000000000 0000000000000006
0x0000000016caf360:   000013d1207c9eb9 0000000000000000
0x0000000016caf370:   0000000000000120 00007ff832b7786f
0x0000000016caf380:   0000000000000002 0000000000000013
0x0000000016caf390:   0000000000000000 0000000000000000 

Instructions: (pc=0x00007ff832bc8580)
0x00007ff832bc8560:   90 f9 ff c7 44 24 20 0d 00 00 c0 b9 57 00 00 00
0x00007ff832bc8570:   e8 1b fe ef ff 90 48 8d 4c 24 20 e8 00 36 f0 ff
0x00007ff832bc8580:   eb 00 48 8b 8c 24 c0 00 00 00 48 33 cc e8 4e 2b
0x00007ff832bc8590:   f8 ff 48 81 c4 d8 00 00 00 c3 40 55 48 83 ec 20 


Register to memory mapping:

RAX=0x0000000014305500 is an unknown value
RBX=0xfffffffffffffffe is an unknown value
RCX=0x0000000016caeda0 is an unknown value
RDX=0x000000006fc49494 is an unknown value
RSP=0x0000000016caf2a0 is an unknown value
RBP=0x00007ffffd327408 is an unknown value
RSI=0x0000000000000000 is an unknown value
RDI=0x000000000000019c is an unknown value
R8 =0x0000000002ac7ced is at code_begin+2093 in an Interpreter codelet
invoke return entry points  [0x0000000002ac74c0, 0x0000000002ac7dc0]  2304 bytes
R9 =0x0000942e37831b1a is an unknown value
R10=0x00007ff832b0829f is an unknown value
R11=0x0000000015cdc0e0 is an unknown value
R12=0x000000002cf859b0 is an unknown value
R13=0x000000002caf48d0 is an unknown value
R14=0x000000002cf85ab8 is an unknown value
R15=0x0000000016caf418 is an unknown value


Stack: [0x0000000016bb0000,0x0000000016cb0000],  sp=0x0000000016caf2a0,  free space=1020k
Native frames: (J=compiled Java code, j=interpreted, Vv=VM code, C=native code)
C  [ntdll.dll+0x108580]
C  [ntdll.dll+0xb786f]
C  [KERNEL32.DLL+0x1e92a]
C  [MSVCR110.dll+0x752d]
C  [MSVCR110.dll+0x73c6]
C  [MSVCR110.dll+0x14cca]
C  [MSVCR110.dll+0x13edc]
C  [MSVCR110.dll+0x239e]
C  [MSVCR110.dll+0xaf9e]
C  [MSVCP110.dll+0x397b9]
C  [librdi_common.dll+0x14283e]
C  [librdi_common.dll+0x141449]
C  0x00007ff8274a2400
C  0x00007ff8274a2682
C  [ntdll.dll+0x3b583]
C  [ntdll.dll+0x47f85]
C  [ntdll.dll+0x47e48]
C  [KERNEL32.DLL+0x1ca7a]
C  [MSVCR100.dll+0x20ccd]
V  [jvm.dll+0x20f135]
V  [jvm.dll+0x247ef7]
V  [jvm.dll+0x247196]
V  [jvm.dll+0x247631]
V  [jvm.dll+0x24784e]
V  [jvm.dll+0x29853a]
C  [MSVCR100.dll+0x21d9f]
C  [MSVCR100.dll+0x21e3b]
C  [KERNEL32.DLL+0x14034]
C  [ntdll.dll+0x73691]

VM_Operation (0x000000000014f500): Exit, mode: safepoint, requested by thread 0x0000000002902800


---------------  P R O C E S S  ---------------

Java Threads: ( => current thread )
  0x0000000022f91000 JavaThread "Spawner Reaper" daemon [_thread_in_native, id=37984, stack(0x00000000447f0000,0x00000000448f0000)]
  0x0000000022f90800 JavaThread "Thread-22" daemon [_thread_blocked, id=26880, stack(0x000000002fcd0000,0x000000002fdd0000)]
  0x00000000197fe800 JavaThread "TCF Locator DNS Lookup" daemon [_thread_blocked, id=47540, stack(0x00000000266a0000,0x00000000267a0000)]
  0x0000000019803800 JavaThread "TCF Locator Timer" daemon [_thread_blocked, id=27796, stack(0x00000000265a0000,0x00000000266a0000)]
  0x0000000020722000 JavaThread "TCF Locator Receiver" daemon [_thread_in_native, id=42708, stack(0x00000000264a0000,0x00000000265a0000)]
  0x0000000020720800 JavaThread "TCF Timer Dispatcher" daemon [_thread_blocked, id=15928, stack(0x00000000262a0000,0x00000000263a0000)]
  0x0000000018aa4800 JavaThread "EMF Reference Cleaner" daemon [_thread_blocked, id=47928, stack(0x000000001f6c0000,0x000000001f7c0000)]
  0x0000000015c4a000 JavaThread "Service Thread" daemon [_thread_blocked, id=15384, stack(0x00000000174b0000,0x00000000175b0000)]
  0x0000000015bcd000 JavaThread "C1 CompilerThread3" daemon [_thread_blocked, id=13984, stack(0x00000000173b0000,0x00000000174b0000)]
  0x0000000015bcc800 JavaThread "C2 CompilerThread2" daemon [_thread_blocked, id=20292, stack(0x00000000172b0000,0x00000000173b0000)]
  0x0000000015bc5000 JavaThread "C2 CompilerThread1" daemon [_thread_blocked, id=13896, stack(0x00000000171b0000,0x00000000172b0000)]
  0x0000000015b72800 JavaThread "C2 CompilerThread0" daemon [_thread_blocked, id=48156, stack(0x00000000170b0000,0x00000000171b0000)]
  0x0000000015b71000 JavaThread "Attach Listener" daemon [_thread_blocked, id=33232, stack(0x0000000016fb0000,0x00000000170b0000)]
  0x0000000015bc1800 JavaThread "Signal Dispatcher" daemon [_thread_blocked, id=4984, stack(0x0000000016eb0000,0x0000000016fb0000)]
  0x00000000029fc800 JavaThread "Finalizer" daemon [_thread_blocked, id=43980, stack(0x0000000016db0000,0x0000000016eb0000)]
  0x000000001447c800 JavaThread "Reference Handler" daemon [_thread_blocked, id=42096, stack(0x0000000016cb0000,0x0000000016db0000)]
  0x0000000002902800 JavaThread "main" [_thread_blocked, id=36160, stack(0x0000000000050000,0x0000000000150000)]

Other Threads:
=>0x0000000014476800 VMThread [stack: 0x0000000016bb0000,0x0000000016cb0000] [id=47012]

VM state:at safepoint (shutting down)

VM Mutex/Monitor currently owned by a thread:  ([mutex/lock_event])
[0x0000000002abe500] Threads_lock - owner thread: 0x0000000014476800

Heap:
 PSYoungGen      total 50176K, used 15017K [0x00000000f5580000, 0x00000000f8c80000, 0x0000000100000000)
  eden space 48640K, 27% used [0x00000000f5580000,0x00000000f62add60,0x00000000f8500000)
  from space 1536K, 99% used [0x00000000f8800000,0x00000000f897c810,0x00000000f8980000)
  to   space 3072K, 0% used [0x00000000f8500000,0x00000000f8500000,0x00000000f8800000)
 ParOldGen       total 112128K, used 45506K [0x00000000e0000000, 0x00000000e6d80000, 0x00000000f5580000)
  object space 112128K, 40% used [0x00000000e0000000,0x00000000e2c70908,0x00000000e6d80000)
 Metaspace       used 82596K, capacity 88670K, committed 88832K, reserved 1126400K
  class space    used 9975K, capacity 11957K, committed 12032K, reserved 1048576K

Card table byte_map: [0x0000000011e80000,0x0000000011f90000] byte_map_base: 0x0000000011780000

Marking Bits: (ParMarkBitMap*) 0x0000000070244040
 Begin Bits: [0x0000000012990000, 0x0000000013190000)
 End Bits:   [0x0000000013190000, 0x0000000013990000)

Polling page: 0x00000000021e0000

CodeCache: size=245760Kb used=41216Kb max_used=41559Kb free=204543Kb
 bounds [0x0000000002ac0000, 0x00000000053b0000, 0x0000000011ac0000]
 total_blobs=11937 nmethods=11086 adapters=757
 compilation: enabled

Compilation events (10 events):
Event: 148327.308 Thread 0x0000000015bcd000 nmethod 14370 0x000000000514c090 code [0x000000000514c2a0, 0x000000000514cd08]
Event: 148327.308 Thread 0x0000000015bcd000 14369   !   3       org.eclipse.osgi.internal.serviceregistry.ServiceRegistrationImpl::unregister (253 bytes)
Event: 148327.310 Thread 0x0000000015bcd000 nmethod 14369 0x00000000035ce5d0 code [0x00000000035ce9e0, 0x00000000035d0fb8]
Event: 148327.316 Thread 0x0000000015b72800 nmethod 14343 0x00000000051285d0 code [0x0000000005128c40, 0x000000000512e960]
Event: 148327.377 Thread 0x0000000015bcd000 14371       3       java.io.File::list (33 bytes)
Event: 148327.377 Thread 0x0000000015bcd000 nmethod 14371 0x00000000035cd990 code [0x00000000035cdb60, 0x00000000035ce2a8]
Event: 148327.563 Thread 0x0000000015bcd000 14372   !   3       org.eclipse.osgi.internal.baseadaptor.BaseStorage::compact (215 bytes)
Event: 148327.564 Thread 0x0000000015bcd000 nmethod 14372 0x00000000051bdb90 code [0x00000000051bdfe0, 0x00000000051c04a8]
Event: 148327.564 Thread 0x0000000015bcd000 14373       3       org.eclipse.osgi.framework.internal.core.AbstractBundle::close (52 bytes)
Event: 148327.565 Thread 0x0000000015bcd000 nmethod 14373 0x00000000050e4650 code [0x00000000050e4880, 0x00000000050e5588]

GC Heap History (10 events):
Event: 148213.154 GC heap before
{Heap before GC invocations=4961 (full 2472):
 PSYoungGen      total 49152K, used 256K [0x00000000f5580000, 0x00000000f8680000, 0x0000000100000000)
  eden space 48128K, 0% used [0x00000000f5580000,0x00000000f5580000,0x00000000f8480000)
  from space 1024K, 25% used [0x00000000f8480000,0x00000000f84c0000,0x00000000f8580000)
  to   space 1024K, 0% used [0x00000000f8580000,0x00000000f8580000,0x00000000f8680000)
 ParOldGen       total 112128K, used 40919K [0x00000000e0000000, 0x00000000e6d80000, 0x00000000f5580000)
  object space 112128K, 36% used [0x00000000e0000000,0x00000000e27f5db0,0x00000000e6d80000)
 Metaspace       used 81105K, capacity 87442K, committed 87680K, reserved 1124352K
  class space    used 9815K, capacity 11826K, committed 11904K, reserved 1048576K
Event: 148213.226 GC heap after
Heap after GC invocations=4961 (full 2472):
 PSYoungGen      total 49152K, used 0K [0x00000000f5580000, 0x00000000f8680000, 0x0000000100000000)
  eden space 48128K, 0% used [0x00000000f5580000,0x00000000f5580000,0x00000000f8480000)
  from space 1024K, 0% used [0x00000000f8480000,0x00000000f8480000,0x00000000f8580000)
  to   space 1024K, 0% used [0x00000000f8580000,0x00000000f8580000,0x00000000f8680000)
 ParOldGen       total 112128K, used 40919K [0x00000000e0000000, 0x00000000e6d80000, 0x00000000f5580000)
  object space 112128K, 36% used [0x00000000e0000000,0x00000000e27f5db0,0x00000000e6d80000)
 Metaspace       used 81105K, capacity 87442K, committed 87680K, reserved 1124352K
  class space    used 9815K, capacity 11826K, committed 11904K, reserved 1048576K
}
Event: 148273.162 GC heap before
{Heap before GC invocations=4962 (full 2472):
 PSYoungGen      total 49152K, used 8125K [0x00000000f5580000, 0x00000000f8680000, 0x0000000100000000)
  eden space 48128K, 16% used [0x00000000f5580000,0x00000000f5d6f5e0,0x00000000f8480000)
  from space 1024K, 0% used [0x00000000f8480000,0x00000000f8480000,0x00000000f8580000)
  to   space 1024K, 0% used [0x00000000f8580000,0x00000000f8580000,0x00000000f8680000)
 ParOldGen       total 112128K, used 40919K [0x00000000e0000000, 0x00000000e6d80000, 0x00000000f5580000)
  object space 112128K, 36% used [0x00000000e0000000,0x00000000e27f5db0,0x00000000e6d80000)
 Metaspace       used 81105K, capacity 87442K, committed 87680K, reserved 1124352K
  class space    used 9815K, capacity 11826K, committed 11904K, reserved 1048576K
Event: 148273.164 GC heap after
Heap after GC invocations=4962 (full 2472):
 PSYoungGen      total 49152K, used 576K [0x00000000f5580000, 0x00000000f8680000, 0x0000000100000000)
  eden space 48128K, 0% used [0x00000000f5580000,0x00000000f5580000,0x00000000f8480000)
  from space 1024K, 56% used [0x00000000f8580000,0x00000000f8610000,0x00000000f8680000)
  to   space 1024K, 0% used [0x00000000f8480000,0x00000000f8480000,0x00000000f8580000)
 ParOldGen       total 112128K, used 40919K [0x00000000e0000000, 0x00000000e6d80000, 0x00000000f5580000)
  object space 112128K, 36% used [0x00000000e0000000,0x00000000e27f5db0,0x00000000e6d80000)
 Metaspace       used 81105K, capacity 87442K, committed 87680K, reserved 1124352K
  class space    used 9815K, capacity 11826K, committed 11904K, reserved 1048576K
}
Event: 148273.164 GC heap before
{Heap before GC invocations=4963 (full 2473):
 PSYoungGen      total 49152K, used 576K [0x00000000f5580000, 0x00000000f8680000, 0x0000000100000000)
  eden space 48128K, 0% used [0x00000000f5580000,0x00000000f5580000,0x00000000f8480000)
  from space 1024K, 56% used [0x00000000f8580000,0x00000000f8610000,0x00000000f8680000)
  to   space 1024K, 0% used [0x00000000f8480000,0x00000000f8480000,0x00000000f8580000)
 ParOldGen       total 112128K, used 40919K [0x00000000e0000000, 0x00000000e6d80000, 0x00000000f5580000)
  object space 112128K, 36% used [0x00000000e0000000,0x00000000e27f5db0,0x00000000e6d80000)
 Metaspace       used 81105K, capacity 87442K, committed 87680K, reserved 1124352K
  class space    used 9815K, capacity 11826K, committed 11904K, reserved 1048576K
Event: 148273.232 GC heap after
Heap after GC invocations=4963 (full 2473):
 PSYoungGen      total 49152K, used 0K [0x00000000f5580000, 0x00000000f8680000, 0x0000000100000000)
  eden space 48128K, 0% used [0x00000000f5580000,0x00000000f5580000,0x00000000f8480000)
  from space 1024K, 0% used [0x00000000f8580000,0x00000000f8580000,0x00000000f8680000)
  to   space 1024K, 0% used [0x00000000f8480000,0x00000000f8480000,0x00000000f8580000)
 ParOldGen       total 112128K, used 41054K [0x00000000e0000000, 0x00000000e6d80000, 0x00000000f5580000)
  object space 112128K, 36% used [0x00000000e0000000,0x00000000e2817a10,0x00000000e6d80000)
 Metaspace       used 81105K, capacity 87442K, committed 87680K, reserved 1124352K
  class space    used 9815K, capacity 11826K, committed 11904K, reserved 1048576K
}
Event: 148291.069 GC heap before
{Heap before GC invocations=4964 (full 2473):
 PSYoungGen      total 49152K, used 48128K [0x00000000f5580000, 0x00000000f8680000, 0x0000000100000000)
  eden space 48128K, 100% used [0x00000000f5580000,0x00000000f8480000,0x00000000f8480000)
  from space 1024K, 0% used [0x00000000f8580000,0x00000000f8580000,0x00000000f8680000)
  to   space 1024K, 0% used [0x00000000f8480000,0x00000000f8480000,0x00000000f8580000)
 ParOldGen       total 112128K, used 41054K [0x00000000e0000000, 0x00000000e6d80000, 0x00000000f5580000)
  object space 112128K, 36% used [0x00000000e0000000,0x00000000e2817a10,0x00000000e6d80000)
 Metaspace       used 81737K, capacity 88082K, committed 88192K, reserved 1126400K
  class space    used 9880K, capacity 11890K, committed 11904K, reserved 1048576K
Event: 148291.073 GC heap after
Heap after GC invocations=4964 (full 2473):
 PSYoungGen      total 49152K, used 1015K [0x00000000f5580000, 0x00000000f8980000, 0x0000000100000000)
  eden space 48128K, 0% used [0x00000000f5580000,0x00000000f5580000,0x00000000f8480000)
  from space 1024K, 99% used [0x00000000f8480000,0x00000000f857de68,0x00000000f8580000)
  to   space 1536K, 0% used [0x00000000f8800000,0x00000000f8800000,0x00000000f8980000)
 ParOldGen       total 112128K, used 42348K [0x00000000e0000000, 0x00000000e6d80000, 0x00000000f5580000)
  object space 112128K, 37% used [0x00000000e0000000,0x00000000e295b050,0x00000000e6d80000)
 Metaspace       used 81737K, capacity 88082K, committed 88192K, reserved 1126400K
  class space    used 9880K, capacity 11890K, committed 11904K, reserved 1048576K
}
Event: 148325.764 GC heap before
{Heap before GC invocations=4965 (full 2473):
 PSYoungGen      total 49152K, used 49143K [0x00000000f5580000, 0x00000000f8980000, 0x0000000100000000)
  eden space 48128K, 100% used [0x00000000f5580000,0x00000000f8480000,0x00000000f8480000)
  from space 1024K, 99% used [0x00000000f8480000,0x00000000f857de68,0x00000000f8580000)
  to   space 1536K, 0% used [0x00000000f8800000,0x00000000f8800000,0x00000000f8980000)
 ParOldGen       total 112128K, used 42348K [0x00000000e0000000, 0x00000000e6d80000, 0x00000000f5580000)
  object space 112128K, 37% used [0x00000000e0000000,0x00000000e295b050,0x00000000e6d80000)
 Metaspace       used 82097K, capacity 88402K, committed 88576K, reserved 1126400K
  class space    used 9924K, capacity 11954K, committed 12032K, reserved 1048576K
Event: 148325.771 GC heap after
Heap after GC invocations=4965 (full 2473):
 PSYoungGen      total 50176K, used 1522K [0x00000000f5580000, 0x00000000f8c80000, 0x0000000100000000)
  eden space 48640K, 0% used [0x00000000f5580000,0x00000000f5580000,0x00000000f8500000)
  from space 1536K, 99% used [0x00000000f8800000,0x00000000f897c810,0x00000000f8980000)
  to   space 3072K, 0% used [0x00000000f8500000,0x00000000f8500000,0x00000000f8800000)
 ParOldGen       total 112128K, used 45506K [0x00000000e0000000, 0x00000000e6d80000, 0x00000000f5580000)
  object space 112128K, 40% used [0x00000000e0000000,0x00000000e2c70908,0x00000000e6d80000)
 Metaspace       used 82097K, capacity 88402K, committed 88576K, reserved 1126400K
  class space    used 9924K, capacity 11954K, committed 12032K, reserved 1048576K
}

Deoptimization events (10 events):
Event: 148327.230 Thread 0x0000000020721000 Uncommon trap: reason=unstable_if action=reinterpret pc=0x0000000003c5ed08 method=org.eclipse.tcf.EventQueue.run()V @ 13
Event: 148327.250 Thread 0x0000000022f98000 Uncommon trap: reason=unstable_if action=reinterpret pc=0x0000000004498fb4 method=org.eclipse.core.internal.jobs.WorkerPool.startJob(Lorg/eclipse/core/internal/jobs/Worker;)Lorg/eclipse/core/internal/jobs/InternalJob; @ 177
Event: 148327.250 Thread 0x0000000022f9e000 Uncommon trap: reason=unstable_if action=reinterpret pc=0x0000000004498fb4 method=org.eclipse.core.internal.jobs.WorkerPool.startJob(Lorg/eclipse/core/internal/jobs/Worker;)Lorg/eclipse/core/internal/jobs/InternalJob; @ 177
Event: 148327.250 Thread 0x0000000022f92800 Uncommon trap: reason=unstable_if action=reinterpret pc=0x0000000004498fb4 method=org.eclipse.core.internal.jobs.WorkerPool.startJob(Lorg/eclipse/core/internal/jobs/Worker;)Lorg/eclipse/core/internal/jobs/InternalJob; @ 177
Event: 148327.250 Thread 0x0000000022f98800 Uncommon trap: reason=unstable_if action=reinterpret pc=0x0000000004498fb4 method=org.eclipse.core.internal.jobs.WorkerPool.startJob(Lorg/eclipse/core/internal/jobs/Worker;)Lorg/eclipse/core/internal/jobs/InternalJob; @ 177
Event: 148327.250 Thread 0x0000000019804800 Uncommon trap: reason=unstable_if action=reinterpret pc=0x0000000004498fb4 method=org.eclipse.core.internal.jobs.WorkerPool.startJob(Lorg/eclipse/core/internal/jobs/Worker;)Lorg/eclipse/core/internal/jobs/InternalJob; @ 177
Event: 148327.250 Thread 0x00000000197fd800 Uncommon trap: reason=unstable_if action=reinterpret pc=0x0000000004498fb4 method=org.eclipse.core.internal.jobs.WorkerPool.startJob(Lorg/eclipse/core/internal/jobs/Worker;)Lorg/eclipse/core/internal/jobs/InternalJob; @ 177
Event: 148327.250 Thread 0x0000000022f9b000 Uncommon trap: reason=unstable_if action=reinterpret pc=0x0000000004498fb4 method=org.eclipse.core.internal.jobs.WorkerPool.startJob(Lorg/eclipse/core/internal/jobs/Worker;)Lorg/eclipse/core/internal/jobs/InternalJob; @ 177
Event: 148327.564 Thread 0x0000000002902800 Uncommon trap: reason=unstable_if action=reinterpret pc=0x00000000032aa6dc method=sun.reflect.UnsafeStaticObjectFieldAccessorImpl.set(Ljava/lang/Object;Ljava/lang/Object;)V @ 13
Event: 148327.564 Thread 0x00000000178fb000 Uncommon trap: reason=unstable_if action=reinterpret pc=0x0000000004586838 method=org.eclipse.osgi.framework.internal.core.Framework.run()V @ 22

Internal exceptions (10 events):
Event: 148287.462 Thread 0x0000000019800800 Exception <a 'java/lang/InterruptedException'> (0x00000000f5b04290) thrown at [C:\re\workspace\8-2-build-windows-amd64-cygwin\jdk8u45\3627\hotspot\src\share\vm\runtime\objectMonitor.cpp, line 1683]
Event: 148291.990 Thread 0x0000000002902800 Implicit null exception at 0x0000000003e5b5c8 to 0x0000000003e5b8c9
Event: 148292.516 Thread 0x0000000002902800 Exception <a 'java/io/FileNotFoundException'> (0x00000000f7d7e9a8) thrown at [C:\re\workspace\8-2-build-windows-amd64-cygwin\jdk8u45\3627\hotspot\src\share\vm\prims\jni.cpp, line 709]
Event: 148326.259 Thread 0x0000000022f96800 Exception <a 'java/lang/InterruptedException'> (0x00000000f5dee470) thrown at [C:\re\workspace\8-2-build-windows-amd64-cygwin\jdk8u45\3627\hotspot\src\share\vm\runtime\objectMonitor.cpp, line 1683]
Event: 148327.308 Thread 0x0000000017d6d000 Exception <a 'java/lang/InterruptedException': sleep interrupted> (0x00000000f6161a58) thrown at [C:\re\workspace\8-2-build-windows-amd64-cygwin\jdk8u45\3627\hotspot\src\share\vm\prims\jvm.cpp, line 3211]
Event: 148327.312 Thread 0x00000000206a0800 Exception <a 'java/lang/InterruptedException'> (0x00000000f619e6e0) thrown at [C:\re\workspace\8-2-build-windows-amd64-cygwin\jdk8u45\3627\hotspot\src\share\vm\runtime\objectMonitor.cpp, line 1683]
Event: 148327.312 Thread 0x0000000017b0f800 Exception <a 'java/lang/InterruptedException'> (0x00000000f61ab478) thrown at [C:\re\workspace\8-2-build-windows-amd64-cygwin\jdk8u45\3627\hotspot\src\share\vm\runtime\objectMonitor.cpp, line 1683]
Event: 148327.564 Thread 0x0000000017b0a800 Exception <a 'java/lang/InterruptedException'> (0x00000000f6161248) thrown at [C:\re\workspace\8-2-build-windows-amd64-cygwin\jdk8u45\3627\hotspot\src\share\vm\runtime\objectMonitor.cpp, line 1683]
Event: 148327.564 Thread 0x0000000002902800 Implicit null exception at 0x00000000032aa2d7 to 0x00000000032aa6c9
Event: 148327.592 Thread 0x00000000197fd000 Exception <a 'java/io/IOException'> (0x00000000f629ca40) thrown at [C:\re\workspace\8-2-build-windows-amd64-cygwin\jdk8u45\3627\hotspot\src\share\vm\prims\jni.cpp, line 709]

Events (10 events):
Event: 148327.591 loading class java/util/IdentityHashMap$IdentityHashMapIterator
Event: 148327.591 loading class java/util/IdentityHashMap$IdentityHashMapIterator done
Event: 148327.591 loading class java/util/IdentityHashMap$KeyIterator done
Event: 148327.591 Thread 0x00000000197fd000 Thread added: 0x00000000197fd000
Event: 148327.592 Executing VM operation: RevokeBias
Event: 148327.592 Executing VM operation: RevokeBias done
Event: 148327.592 Executing VM operation: RevokeBias
Event: 148327.592 Executing VM operation: RevokeBias done
Event: 148327.592 Thread 0x00000000197fd000 Thread exited: 0x00000000197fd000
Event: 148327.594 Executing VM operation: Exit


Dynamic libraries:
0x0000000000400000 - 0x000000000044f000 	E:\Xilinx_Vivado2015\SDK\2015.4\eclipse\win64.o\eclipse.exe
0x00007ff832ac0000 - 0x00007ff832ca1000 	C:\WINDOWS\SYSTEM32\ntdll.dll
0x00007ff830b90000 - 0x00007ff830c41000 	C:\WINDOWS\System32\KERNEL32.DLL
0x00007ff82fba0000 - 0x00007ff82fe13000 	C:\WINDOWS\System32\KERNELBASE.dll
0x00007ff8307c0000 - 0x00007ff830950000 	C:\WINDOWS\System32\USER32.dll
0x00007ff82ee90000 - 0x00007ff82eeb0000 	C:\WINDOWS\System32\win32u.dll
0x00007ff830ad0000 - 0x00007ff830af8000 	C:\WINDOWS\System32\GDI32.dll
0x00007ff82f1a0000 - 0x00007ff82f331000 	C:\WINDOWS\System32\gdi32full.dll
0x00007ff82ef10000 - 0x00007ff82efaf000 	C:\WINDOWS\System32\msvcp_win.dll
0x00007ff82fa50000 - 0x00007ff82fb48000 	C:\WINDOWS\System32\ucrtbase.dll
0x00007ff8329f0000 - 0x00007ff832a8e000 	C:\WINDOWS\System32\msvcrt.dll
0x00007ff827e70000 - 0x00007ff8280d9000 	C:\WINDOWS\WinSxS\amd64_microsoft.windows.common-controls_6595b64144ccf1df_6.0.17134.950_none_fb3da4273069d3e0\COMCTL32.dll
0x00007ff830370000 - 0x00007ff830692000 	C:\WINDOWS\System32\combase.dll
0x00007ff830e90000 - 0x00007ff830fb4000 	C:\WINDOWS\System32\RPCRT4.dll
0x00007ff82fe20000 - 0x00007ff82fe99000 	C:\WINDOWS\System32\bcryptPrimitives.dll
0x00007ff82ff50000 - 0x00007ff82ff7d000 	C:\WINDOWS\System32\IMM32.DLL
0x0000000072000000 - 0x0000000072012000 	E:\Xilinx_Vivado2015\SDK\2015.4\eclipse\win64.o\plugins\org.eclipse.equinox.launcher.win32.win32.x86_64_1.1.200.v20140116-2212\eclipse_1503.dll
0x00007ff8300e0000 - 0x00007ff830181000 	C:\WINDOWS\System32\ADVAPI32.dll
0x00007ff830a00000 - 0x00007ff830a5b000 	C:\WINDOWS\System32\sechost.dll
0x00007ff829790000 - 0x00007ff82979a000 	C:\WINDOWS\SYSTEM32\VERSION.dll
0x00007ff82cfe0000 - 0x00007ff82d078000 	C:\WINDOWS\system32\uxtheme.dll
0x00007ff830c50000 - 0x00007ff830dc3000 	C:\WINDOWS\System32\MSCTF.dll
0x00007ff830230000 - 0x00007ff8302f2000 	C:\WINDOWS\System32\OLEAUT32.dll
0x000000006fa40000 - 0x00000000702c3000 	E:\Xilinx_Vivado2015\SDK\2015.4\tps\win64\jre\bin\server\jvm.dll
0x00007ff830300000 - 0x00007ff830308000 	C:\WINDOWS\System32\PSAPI.DLL
0x00007ff81a090000 - 0x00007ff81a099000 	C:\WINDOWS\SYSTEM32\WSOCK32.dll
0x00007ff82b940000 - 0x00007ff82b963000 	C:\WINDOWS\SYSTEM32\WINMM.dll
0x0000000072d00000 - 0x0000000072dd2000 	C:\WINDOWS\SYSTEM32\MSVCR100.dll
0x00007ff830a60000 - 0x00007ff830acc000 	C:\WINDOWS\System32\WS2_32.dll
0x00007ff82b910000 - 0x00007ff82b93a000 	C:\WINDOWS\SYSTEM32\WINMMBASE.dll
0x00007ff82fb50000 - 0x00007ff82fb99000 	C:\WINDOWS\System32\cfgmgr32.dll
0x0000000071850000 - 0x000000007185f000 	E:\Xilinx_Vivado2015\SDK\2015.4\tps\win64\jre\bin\verify.dll
0x0000000071470000 - 0x0000000071499000 	E:\Xilinx_Vivado2015\SDK\2015.4\tps\win64\jre\bin\java.dll
0x0000000070f00000 - 0x0000000070f16000 	E:\Xilinx_Vivado2015\SDK\2015.4\tps\win64\jre\bin\zip.dll
0x00007ff830fc0000 - 0x00007ff832400000 	C:\WINDOWS\System32\SHELL32.dll
0x00007ff830950000 - 0x00007ff8309f9000 	C:\WINDOWS\System32\shcore.dll
0x00007ff82f340000 - 0x00007ff82fa4d000 	C:\WINDOWS\System32\windows.storage.dll
0x00007ff830310000 - 0x00007ff830361000 	C:\WINDOWS\System32\shlwapi.dll
0x00007ff82edd0000 - 0x00007ff82ede1000 	C:\WINDOWS\System32\kernel.appcore.dll
0x00007ff82ee70000 - 0x00007ff82ee8f000 	C:\WINDOWS\System32\profapi.dll
0x00007ff82edf0000 - 0x00007ff82ee3c000 	C:\WINDOWS\System32\powrprof.dll
0x00007ff82ee60000 - 0x00007ff82ee6a000 	C:\WINDOWS\System32\FLTLIB.DLL
0x00007ff82e7c0000 - 0x00007ff82e7d7000 	C:\WINDOWS\SYSTEM32\CRYPTSP.dll
0x00007ff82e1c0000 - 0x00007ff82e1f3000 	C:\WINDOWS\system32\rsaenh.dll
0x00007ff82e8f0000 - 0x00007ff82e915000 	C:\WINDOWS\SYSTEM32\bcrypt.dll
0x00007ff82ecd0000 - 0x00007ff82ecf8000 	C:\WINDOWS\SYSTEM32\USERENV.dll
0x00007ff82e7e0000 - 0x00007ff82e7eb000 	C:\WINDOWS\SYSTEM32\CRYPTBASE.dll
0x0000000070ee0000 - 0x0000000070efa000 	E:\Xilinx_Vivado2015\SDK\2015.4\tps\win64\jre\bin\net.dll
0x00007ff82e610000 - 0x00007ff82e676000 	C:\WINDOWS\system32\mswsock.dll
0x00007ff82e360000 - 0x00007ff82e398000 	C:\WINDOWS\SYSTEM32\IPHLPAPI.DLL
0x00007ff830790000 - 0x00007ff830798000 	C:\WINDOWS\System32\NSI.dll
0x00007ff8297a0000 - 0x00007ff8297b6000 	C:\WINDOWS\SYSTEM32\dhcpcsvc6.DLL
0x00007ff829650000 - 0x00007ff82966a000 	C:\WINDOWS\SYSTEM32\dhcpcsvc.DLL
0x0000000070ec0000 - 0x0000000070ed1000 	E:\Xilinx_Vivado2015\SDK\2015.4\tps\win64\jre\bin\nio.dll
0x00007ff817600000 - 0x00007ff817696000 	C:\WINDOWS\System32\TextInputFramework.dll
0x00007ff82a140000 - 0x00007ff82a45e000 	C:\WINDOWS\System32\CoreUIComponents.dll
0x00007ff82cc20000 - 0x00007ff82ccfa000 	C:\WINDOWS\System32\CoreMessaging.dll
0x00007ff82de50000 - 0x00007ff82de81000 	C:\WINDOWS\SYSTEM32\ntmarta.dll
0x00007ff829f80000 - 0x00007ff82a0cd000 	C:\WINDOWS\SYSTEM32\wintypes.dll
0x00007ff82d230000 - 0x00007ff82d259000 	C:\WINDOWS\system32\dwmapi.dll
0x00007ffff8770000 - 0x00007ffff8795000 	D:\win_soft\1Soft\Dict\8.5.3.0\WordStrokeHelper64.dll
0x00007ffff7df0000 - 0x00007ffff7e06000 	C:\WINDOWS\system32\napinsp.dll
0x00007ffff7dd0000 - 0x00007ffff7dea000 	C:\WINDOWS\system32\pnrpnsp.dll
0x00007ff82b4f0000 - 0x00007ff82b509000 	C:\WINDOWS\system32\NLAapi.dll
0x00007ff82e3a0000 - 0x00007ff82e45e000 	C:\WINDOWS\SYSTEM32\DNSAPI.dll
0x00007ffff7dc0000 - 0x00007ffff7dce000 	C:\WINDOWS\System32\winrnr.dll
0x00007ff800110000 - 0x00007ff800125000 	C:\WINDOWS\System32\wshbth.dll
0x00007ff824780000 - 0x00007ff82478a000 	C:\Windows\System32\rasadhlp.dll
0x00007ff8248e0000 - 0x00007ff824952000 	C:\WINDOWS\System32\fwpuclnt.dll
0x00007ff82ff80000 - 0x00007ff8300d1000 	C:\WINDOWS\System32\ole32.dll
0x00007ff830190000 - 0x00007ff830230000 	C:\WINDOWS\System32\clbcatq.dll
0x00007ff827e60000 - 0x00007ff827e67000 	C:\WINDOWS\system32\MSIMG32.dll
0x00007ffffdca0000 - 0x00007ffffe503000 	C:\WINDOWS\system32\SogouPy.ime
0x00007ff827df0000 - 0x00007ff827e5b000 	C:\WINDOWS\SYSTEM32\OLEACC.dll
0x00007ff82a8b0000 - 0x00007ff82a98d000 	C:\WINDOWS\SYSTEM32\WINHTTP.dll
0x000000001b160000 - 0x000000001b27e000 	C:\Program Files (x86)\SogouInput\9.1.0.2589\Resource.dll
0x0000000020ab0000 - 0x0000000020b58000 	C:\Users\CQU_DY\.Xilinx\SDK\2015.4\org.eclipse.osgi\bundles\303\1\.cp\swt-win32-4335.dll
0x00007ff8306a0000 - 0x00007ff83078d000 	C:\WINDOWS\System32\comdlg32.dll
0x00007ff82efb0000 - 0x00007ff82f192000 	C:\WINDOWS\System32\CRYPT32.dll
0x00007ff82ee40000 - 0x00007ff82ee52000 	C:\WINDOWS\System32\MSASN1.dll
0x00007fffe4880000 - 0x00007fffe4899000 	C:\WINDOWS\SYSTEM32\USP10.dll
0x00007ff829670000 - 0x00007ff8296f5000 	C:\WINDOWS\SYSTEM32\WINSPOOL.DRV
0x00007ff8192d0000 - 0x00007ff81978d000 	C:\WINDOWS\SYSTEM32\WININET.dll
0x00007ff82d860000 - 0x00007ff82da14000 	C:\WINDOWS\SYSTEM32\PROPSYS.dll
0x000000001aa50000 - 0x000000001aa6e000 	C:\Users\CQU_DY\.Xilinx\SDK\2015.4\org.eclipse.osgi\bundles\303\1\.cp\swt-gdip-win32-4335.dll
0x00007ff8280e0000 - 0x00007ff82827b000 	C:\WINDOWS\WinSxS\amd64_microsoft.windows.gdiplus_6595b64144ccf1df_1.1.17134.950_none_2c28970c8afc4dae\gdiplus.dll
0x00007ff82acf0000 - 0x00007ff82ae9e000 	C:\WINDOWS\SYSTEM32\WindowsCodecs.dll
0x0000000180000000 - 0x0000000180012000 	C:\Users\CQU_DY\.Xilinx\SDK\2015.4\org.eclipse.osgi\bundles\121\1\.cp\os\win32\x86_64\localfile_1_0_0.dll
0x00007ff82b740000 - 0x00007ff82b751000 	C:\Users\CQU_DY\.Xilinx\SDK\2015.4\org.eclipse.osgi\bundles\124\1\.cp\jWinHttp-1.0.0.dll
0x00007ff8207f0000 - 0x00007ff8207ff000 	E:\Xilinx_Vivado2015\SDK\2015.4\lib\win64.o\librdi_repo_manager.dll
0x00007ffff4ee0000 - 0x00007ffff586d000 	E:\Xilinx_Vivado2015\SDK\2015.4\lib\win64.o\librdi_common.dll
0x00007ff81a0f0000 - 0x00007ff81a11a000 	E:\Xilinx_Vivado2015\SDK\2015.4\lib\win64.o\libisl_sysinfo.dll
0x00007ffffd5a0000 - 0x00007ffffd647000 	C:\WINDOWS\SYSTEM32\MSVCP110.dll
0x00007ffff43d0000 - 0x00007ffff45bc000 	E:\Xilinx_Vivado2015\SDK\2015.4\lib\win64.o\librdi_hsm.dll
0x00007ff817940000 - 0x00007ff817994000 	E:\Xilinx_Vivado2015\SDK\2015.4\lib\win64.o\librdi_commonxillic.dll
0x00007ffffd320000 - 0x00007ffffd3f4000 	C:\WINDOWS\SYSTEM32\MSVCR110.dll
0x00007ffff3b20000 - 0x00007ffff3e8e000 	E:\Xilinx_Vivado2015\SDK\2015.4\lib\win64.o\libCOIN-all.dll
0x00007ffff4cc0000 - 0x00007ffff4ede000 	E:\Xilinx_Vivado2015\SDK\2015.4\lib\win64.o\libXil_lmgr11.dll
0x00007ff82eeb0000 - 0x00007ff82ef07000 	C:\WINDOWS\System32\WINTRUST.dll
0x00007ff82b650000 - 0x00007ff82b660000 	E:\Xilinx_Vivado2015\SDK\2015.4\lib\win64.o\libboost_date_time.dll
0x00007ff827390000 - 0x00007ff8273b2000 	E:\Xilinx_Vivado2015\SDK\2015.4\lib\win64.o\libboost_filesystem.dll
0x00007ff803cb0000 - 0x00007ff803d24000 	E:\Xilinx_Vivado2015\SDK\2015.4\lib\win64.o\libboost_program_options.dll
0x00007ffff89c0000 - 0x00007ffff8aba000 	E:\Xilinx_Vivado2015\SDK\2015.4\lib\win64.o\libboost_regex.dll
0x00007ff827370000 - 0x00007ff827383000 	E:\Xilinx_Vivado2015\SDK\2015.4\lib\win64.o\libboost_signals.dll
0x00007ff8271c0000 - 0x00007ff8271c9000 	E:\Xilinx_Vivado2015\SDK\2015.4\lib\win64.o\libboost_system.dll
0x00007ff81eb20000 - 0x00007ff81eb3d000 	E:\Xilinx_Vivado2015\SDK\2015.4\lib\win64.o\libboost_thread.dll
0x00007ff8271b0000 - 0x00007ff8271bb000 	E:\Xilinx_Vivado2015\SDK\2015.4\lib\win64.o\libboost_xilinx.dll
0x00007ffffd520000 - 0x00007ffffd5a0000 	E:\Xilinx_Vivado2015\SDK\2015.4\lib\win64.o\libhdlpsolve.dll
0x00007ffff8590000 - 0x00007ffff862a000 	E:\Xilinx_Vivado2015\SDK\2015.4\lib\win64.o\libhdxml.dll
0x00007ffff36e0000 - 0x00007ffff3b14e00 	E:\Xilinx_Vivado2015\SDK\2015.4\lib\win64.o\libisl_iostreams.dll
0x00007ff8273c0000 - 0x00007ff8273d5000 	E:\Xilinx_Vivado2015\SDK\2015.4\lib\win64.o\pthreadVC2.dll
0x00007ffff7ab0000 - 0x00007ffff7be0000 	E:\Xilinx_Vivado2015\SDK\2015.4\lib\win64.o\librdi_curl.dll
0x00007ff81a200000 - 0x00007ff81a218000 	E:\Xilinx_Vivado2015\SDK\2015.4\lib\win64.o\librdiconfig.dll
0x00007ff826ed0000 - 0x00007ff827099000 	C:\WINDOWS\SYSTEM32\urlmon.dll
0x00007ffff9e50000 - 0x00007ffff9e73000 	C:\WINDOWS\SYSTEM32\VCOMP110.DLL
0x0000000070f20000 - 0x0000000071047000 	E:\Xilinx_Vivado2015\SDK\2015.4\lib\win64.o\tcl85t.dll
0x00007ff811440000 - 0x00007ff811463000 	E:\Xilinx_Vivado2015\SDK\2015.4\lib\win64.o\librdizlib.dll
0x00007ff811240000 - 0x00007ff811283000 	E:\Xilinx_Vivado2015\SDK\2015.4\lib\win64.o\librdi_hdf.dll
0x00007ffff0670000 - 0x00007ffff08c5000 	E:\Xilinx_Vivado2015\SDK\2015.4\lib\win64.o\librdi_ippcw.dll
0x00007ff81df30000 - 0x00007ff81df47000 	C:\WINDOWS\SYSTEM32\NETAPI32.dll
0x00007ff8270a0000 - 0x00007ff8270ab000 	E:\Xilinx_Vivado2015\SDK\2015.4\lib\win64.o\libboost_chrono.dll
0x00007ff826c20000 - 0x00007ff826ec6000 	C:\WINDOWS\SYSTEM32\iertutil.dll
0x00007ff819cd0000 - 0x00007ff819ce6000 	E:\Xilinx_Vivado2015\SDK\2015.4\lib\win64.o\libboost_iostreams.dll
0x00007ff811380000 - 0x00007ff8113a3000 	E:\Xilinx_Vivado2015\SDK\2015.4\lib\win64.o\libisl_iosutils.dll
0x0000000024c40000 - 0x0000000024ea3000 	E:\Xilinx_Vivado2015\SDK\2015.4\lib\win64.o\xerces-c_3_1.dll
0x00007ff80f010000 - 0x00007ff80f054000 	C:\WINDOWS\SYSTEM32\edputil.dll
0x00007fffedc80000 - 0x00007fffee490000 	E:\Xilinx_Vivado2015\SDK\2015.4\lib\win64.o\libXil_lmgr11FNP.dll
0x00007ff832400000 - 0x00007ff83284b000 	C:\WINDOWS\System32\SETUPAPI.dll

VM Arguments:
jvm_args: -Dcom.xilinx.sdk.args.hwspec=H:/FPGA/ZYNQ_PSPL/X_Ubuntu_lcd/X_Ubuntu/X_Ubuntu.sdk/lcd_dis_system_top.hdf -Xms64m -Xmx512m & 
java_command: <unknown>
java_class_path (initial): E:\Xilinx_Vivado2015\SDK\2015.4\eclipse\win64.o\\plugins/org.eclipse.equinox.launcher_1.3.0.v20130327-1440.jar
Launcher Type: generic

Environment Variables:
USERNAME=CQU_DY
OS=Windows_NT
PROCESSOR_IDENTIFIER=Intel64 Family 6 Model 158 Stepping 10, GenuineIntel



---------------  S Y S T E M  ---------------

OS: Windows 10.0 , 64 bit Build 17134 (10.0.17134.753)

CPU:total 12 (6 cores per cpu, 2 threads per core) family 6 model 158 stepping 10, cmov, cx8, fxsr, mmx, sse, sse2, sse3, ssse3, sse4.1, sse4.2, popcnt, avx, avx2, aes, clmul, erms, rtm, 3dnowpref, lzcnt, ht, tsc, tscinvbit, bmi1, bmi2, adx

Memory: 4k page, physical 16648584k(3468240k free), swap 32210112k(2160612k free)

vm_info: Java HotSpot(TM) 64-Bit Server VM (25.45-b02) for windows-amd64 JRE (1.8.0_45-b15), built on Apr 30 2015 12:40:44 by "java_re" with MS VC++ 10.0 (VS2010)

time: Sun Nov 10 15:10:35 2019
elapsed time: 148331 seconds (1d 17h 12m 11s)

